1643206760947	geckodriver	INFO	Listening on 127.0.0.1:59813
1643206761945	mozrunner::runner	INFO	Running command: "/usr/bin/firefox" "--marionette" "-foreground" "-no-remote" "-profile" "/tmp/rust_mozprofilez6KDJ9"

(firefox:18245): Gtk-WARNING **: 11:19:22.488: Theme directory 32@2x/devices of theme Vimix-Black-dark has no size field

ATTENTION: default value of option mesa_glthread overridden by environment.
ATTENTION: default value of option mesa_glthread overridden by environment.
ATTENTION: default value of option mesa_glthread overridden by environment.
ATTENTION: default value of option mesa_glthread overridden by environment.
1643206762800	Marionette	INFO	Marionette enabled
console.info: MINT: Trying to use the system region (based on LANG).
console.info: MINT: System region is BR
console.info: MINT: Trying to use the system region (based on LANG).
console.info: MINT: System region is BR
console.warn: SearchSettings: "get: No settings file exists, new profile?" (new NotFoundError("Could not open the file at /tmp/rust_mozprofilez6KDJ9/search.json.mozlz4", (void 0)))
console.info: MINT: Loading search-config defaults.
JavaScript error: resource://gre/modules/TelemetryUtils.jsm, line 154: TypeError: date is undefined
JavaScript error: resource:///modules/BrowserGlue.jsm, line 4097: TypeError: invalid assignment to const 'dialogReason'
1643206764999	Marionette	INFO	Listening on port 35421
1643206765081	RemoteAgent	WARN	TLS certificate errors will be ignored for this session
console.info: MINT: main/search-config update being skipped
1643208085881	geckodriver	INFO	Listening on 127.0.0.1:50909
1643208085886	mozrunner::runner	INFO	Running command: "/usr/bin/firefox" "--marionette" "-foreground" "-no-remote" "-profile" "/tmp/rust_mozprofile12IAf1"

(firefox:19754): Gtk-WARNING **: 11:41:26.427: Theme directory 32@2x/devices of theme Vimix-Black-dark has no size field

ATTENTION: default value of option mesa_glthread overridden by environment.
ATTENTION: default value of option mesa_glthread overridden by environment.
ATTENTION: default value of option mesa_glthread overridden by environment.
ATTENTION: default value of option mesa_glthread overridden by environment.
1643208086714	Marionette	INFO	Marionette enabled
console.info: MINT: Trying to use the system region (based on LANG).
console.info: MINT: System region is BR
console.info: MINT: Trying to use the system region (based on LANG).
console.info: MINT: System region is BR
console.warn: SearchSettings: "get: No settings file exists, new profile?" (new NotFoundError("Could not open the file at /tmp/rust_mozprofile12IAf1/search.json.mozlz4", (void 0)))
console.info: MINT: Loading search-config defaults.
JavaScript error: resource://gre/modules/TelemetryUtils.jsm, line 154: TypeError: date is undefined
JavaScript error: resource:///modules/BrowserGlue.jsm, line 4097: TypeError: invalid assignment to const 'dialogReason'
1643208088946	Marionette	INFO	Listening on port 41265
1643208089018	RemoteAgent	WARN	TLS certificate errors will be ignored for this session
1643208096795	Marionette	INFO	Stopped listening on port 41265
console.warn: TopSitesFeed: Failed to fetch data from Contile server: NetworkError when attempting to fetch resource.

###!!! [Parent][RunMessage] Error: Channel closing: too late to send/recv, messages will be lost

1643208173132	geckodriver	INFO	Listening on 127.0.0.1:43735
1643208173139	mozrunner::runner	INFO	Running command: "/usr/bin/firefox" "--marionette" "-foreground" "-no-remote" "-profile" "/tmp/rust_mozprofilen4wwgS"

(firefox:20294): Gtk-WARNING **: 11:42:53.657: Theme directory 32@2x/devices of theme Vimix-Black-dark has no size field

ATTENTION: default value of option mesa_glthread overridden by environment.
ATTENTION: default value of option mesa_glthread overridden by environment.
ATTENTION: default value of option mesa_glthread overridden by environment.
ATTENTION: default value of option mesa_glthread overridden by environment.
1643208173960	Marionette	INFO	Marionette enabled
console.info: MINT: Trying to use the system region (based on LANG).
console.info: MINT: System region is BR
console.info: MINT: Trying to use the system region (based on LANG).
console.info: MINT: System region is BR
console.warn: SearchSettings: "get: No settings file exists, new profile?" (new NotFoundError("Could not open the file at /tmp/rust_mozprofilen4wwgS/search.json.mozlz4", (void 0)))
console.info: MINT: Loading search-config defaults.
JavaScript error: resource://gre/modules/TelemetryUtils.jsm, line 154: TypeError: date is undefined
JavaScript error: resource:///modules/BrowserGlue.jsm, line 4097: TypeError: invalid assignment to const 'dialogReason'
1643208175903	Marionette	INFO	Listening on port 34525
1643208175969	RemoteAgent	WARN	TLS certificate errors will be ignored for this session
1643208416139	geckodriver	INFO	Listening on 127.0.0.1:44743
1643208416145	mozrunner::runner	INFO	Running command: "/usr/bin/firefox" "--marionette" "-foreground" "-no-remote" "-profile" "/tmp/rust_mozprofileacUJYG"

(firefox:20983): Gtk-WARNING **: 11:46:56.683: Theme directory 32@2x/devices of theme Vimix-Black-dark has no size field

ATTENTION: default value of option mesa_glthread overridden by environment.
ATTENTION: default value of option mesa_glthread overridden by environment.
ATTENTION: default value of option mesa_glthread overridden by environment.
ATTENTION: default value of option mesa_glthread overridden by environment.
1643208416982	Marionette	INFO	Marionette enabled
console.info: MINT: Trying to use the system region (based on LANG).
console.info: MINT: System region is BR
console.info: MINT: Trying to use the system region (based on LANG).
console.info: MINT: System region is BR
console.warn: SearchSettings: "get: No settings file exists, new profile?" (new NotFoundError("Could not open the file at /tmp/rust_mozprofileacUJYG/search.json.mozlz4", (void 0)))
console.info: MINT: Loading search-config defaults.
JavaScript error: resource://gre/modules/TelemetryUtils.jsm, line 154: TypeError: date is undefined
JavaScript error: resource:///modules/BrowserGlue.jsm, line 4097: TypeError: invalid assignment to const 'dialogReason'
1643208419069	Marionette	INFO	Listening on port 36811
1643208419188	RemoteAgent	WARN	TLS certificate errors will be ignored for this session
1643208425570	Marionette	INFO	Stopped listening on port 36811
console.warn: TopSitesFeed: Failed to fetch data from Contile server: NetworkError when attempting to fetch resource.
console.info: MINT: main/search-config update being skipped
1643208641139	geckodriver	INFO	Listening on 127.0.0.1:57363
1643208641144	mozrunner::runner	INFO	Running command: "/usr/bin/firefox" "--marionette" "-foreground" "-no-remote" "-profile" "/tmp/rust_mozprofilewR2edk"

(firefox:21998): Gtk-WARNING **: 11:50:41.665: Theme directory 32@2x/devices of theme Vimix-Black-dark has no size field

ATTENTION: default value of option mesa_glthread overridden by environment.
ATTENTION: default value of option mesa_glthread overridden by environment.
ATTENTION: default value of option mesa_glthread overridden by environment.
ATTENTION: default value of option mesa_glthread overridden by environment.
1643208641970	Marionette	INFO	Marionette enabled
console.info: MINT: Trying to use the system region (based on LANG).
console.info: MINT: System region is BR
console.info: MINT: Trying to use the system region (based on LANG).
console.info: MINT: System region is BR
console.warn: SearchSettings: "get: No settings file exists, new profile?" (new NotFoundError("Could not open the file at /tmp/rust_mozprofilewR2edk/search.json.mozlz4", (void 0)))
console.info: MINT: Loading search-config defaults.
JavaScript error: resource://gre/modules/TelemetryUtils.jsm, line 154: TypeError: date is undefined
JavaScript error: resource:///modules/BrowserGlue.jsm, line 4097: TypeError: invalid assignment to const 'dialogReason'
1643208643769	Marionette	INFO	Listening on port 45225
1643208643870	RemoteAgent	WARN	TLS certificate errors will be ignored for this session
1643208656836	Marionette	INFO	Stopped listening on port 45225
console.warn: TopSitesFeed: Failed to fetch data from Contile server: NetworkError when attempting to fetch resource.

###!!! [Parent][RunMessage] Error: Channel closing: too late to send/recv, messages will be lost

1643208841938	geckodriver	INFO	Listening on 127.0.0.1:45237
1643208841944	mozrunner::runner	INFO	Running command: "/usr/bin/firefox" "--marionette" "-foreground" "-no-remote" "-profile" "/tmp/rust_mozprofile4xCOpS"

(firefox:22658): Gtk-WARNING **: 11:54:02.482: Theme directory 32@2x/devices of theme Vimix-Black-dark has no size field

ATTENTION: default value of option mesa_glthread overridden by environment.
ATTENTION: default value of option mesa_glthread overridden by environment.
ATTENTION: default value of option mesa_glthread overridden by environment.
ATTENTION: default value of option mesa_glthread overridden by environment.
1643208842766	Marionette	INFO	Marionette enabled
console.info: MINT: Trying to use the system region (based on LANG).
console.info: MINT: System region is BR
console.info: MINT: Trying to use the system region (based on LANG).
console.info: MINT: System region is BR
console.warn: SearchSettings: "get: No settings file exists, new profile?" (new NotFoundError("Could not open the file at /tmp/rust_mozprofile4xCOpS/search.json.mozlz4", (void 0)))
console.info: MINT: Loading search-config defaults.
JavaScript error: resource://gre/modules/TelemetryUtils.jsm, line 154: TypeError: date is undefined
JavaScript error: resource:///modules/BrowserGlue.jsm, line 4097: TypeError: invalid assignment to const 'dialogReason'
1643208844896	Marionette	INFO	Listening on port 43549
1643208844976	RemoteAgent	WARN	TLS certificate errors will be ignored for this session
1643208850287	Marionette	INFO	Stopped listening on port 34525
console.warn: TopSitesFeed: Failed to fetch data from Contile server: NetworkError when attempting to fetch resource.

###!!! [Parent][RunMessage] Error: Channel closing: too late to send/recv, messages will be lost

1643208850725	Marionette	INFO	Stopped listening on port 35421
console.warn: TopSitesFeed: Failed to fetch data from Contile server: NetworkError when attempting to fetch resource.
1643208851221	Marionette	INFO	Stopped listening on port 43549
console.warn: TopSitesFeed: Failed to fetch data from Contile server: NetworkError when attempting to fetch resource.

###!!! [Parent][RunMessage] Error: Channel closing: too late to send/recv, messages will be lost

1643212780908	geckodriver	INFO	Listening on 127.0.0.1:48153
1643212780914	mozrunner::runner	INFO	Running command: "/usr/bin/firefox" "--marionette" "-foreground" "-no-remote" "-profile" "/tmp/rust_mozprofileefS00k"

(firefox:28198): Gtk-WARNING **: 12:59:41.470: Theme directory 32@2x/devices of theme Vimix-Black-dark has no size field

ATTENTION: default value of option mesa_glthread overridden by environment.
ATTENTION: default value of option mesa_glthread overridden by environment.
ATTENTION: default value of option mesa_glthread overridden by environment.
ATTENTION: default value of option mesa_glthread overridden by environment.
1643212781768	Marionette	INFO	Marionette enabled
console.info: MINT: Trying to use the system region (based on LANG).
console.info: MINT: System region is BR
console.info: MINT: Trying to use the system region (based on LANG).
console.info: MINT: System region is BR
console.warn: SearchSettings: "get: No settings file exists, new profile?" (new NotFoundError("Could not open the file at /tmp/rust_mozprofileefS00k/search.json.mozlz4", (void 0)))
console.info: MINT: Loading search-config defaults.
JavaScript error: resource://gre/modules/TelemetryUtils.jsm, line 154: TypeError: date is undefined
JavaScript error: resource:///modules/BrowserGlue.jsm, line 4097: TypeError: invalid assignment to const 'dialogReason'
1643212783875	Marionette	INFO	Listening on port 33241
1643212783943	RemoteAgent	WARN	TLS certificate errors will be ignored for this session
1643212784169	Marionette	INFO	Stopped listening on port 33241

###!!! [Parent][RunMessage] Error: Channel closing: too late to send/recv, messages will be lost

1643212811556	geckodriver	INFO	Listening on 127.0.0.1:32833
1643212811561	mozrunner::runner	INFO	Running command: "/usr/bin/firefox" "--marionette" "-foreground" "-no-remote" "-profile" "/tmp/rust_mozprofile2E9sxM"

(firefox:28535): Gtk-WARNING **: 13:00:12.104: Theme directory 32@2x/devices of theme Vimix-Black-dark has no size field

ATTENTION: default value of option mesa_glthread overridden by environment.
ATTENTION: default value of option mesa_glthread overridden by environment.
ATTENTION: default value of option mesa_glthread overridden by environment.
ATTENTION: default value of option mesa_glthread overridden by environment.
1643212812406	Marionette	INFO	Marionette enabled
console.info: MINT: Trying to use the system region (based on LANG).
console.info: MINT: System region is BR
console.info: MINT: Trying to use the system region (based on LANG).
console.info: MINT: System region is BR
console.warn: SearchSettings: "get: No settings file exists, new profile?" (new NotFoundError("Could not open the file at /tmp/rust_mozprofile2E9sxM/search.json.mozlz4", (void 0)))
console.info: MINT: Loading search-config defaults.
JavaScript error: resource://gre/modules/TelemetryUtils.jsm, line 154: TypeError: date is undefined
JavaScript error: resource:///modules/BrowserGlue.jsm, line 4097: TypeError: invalid assignment to const 'dialogReason'
1643212814470	Marionette	INFO	Listening on port 33223
1643212814594	RemoteAgent	WARN	TLS certificate errors will be ignored for this session
1643212814746	Marionette	INFO	Stopped listening on port 33223
console.warn: services.settings: main/partitioning-exempt-urls sync interrupted by shutdown
1643644997828	geckodriver	INFO	Listening on 127.0.0.1:35479
1643644998828	mozrunner::runner	INFO	Running command: "/usr/bin/firefox" "--marionette" "-foreground" "-no-remote" "-profile" "/tmp/rust_mozprofileMpHE9K"

(firefox:470657): Gtk-WARNING **: 13:03:19.415: Theme directory 32@2x/devices of theme Vimix-Black-dark has no size field

ATTENTION: default value of option mesa_glthread overridden by environment.
ATTENTION: default value of option mesa_glthread overridden by environment.
ATTENTION: default value of option mesa_glthread overridden by environment.
ATTENTION: default value of option mesa_glthread overridden by environment.
1643644999736	Marionette	INFO	Marionette enabled
console.info: MINT: Trying to use the system region (based on LANG).
console.info: MINT: System region is BR
console.info: MINT: Trying to use the system region (based on LANG).
console.info: MINT: System region is BR
console.warn: SearchSettings: "get: No settings file exists, new profile?" (new NotFoundError("Could not open the file at /tmp/rust_mozprofileMpHE9K/search.json.mozlz4", (void 0)))
console.info: MINT: Loading search-config defaults.
JavaScript error: resource://gre/modules/TelemetryUtils.jsm, line 154: TypeError: date is undefined
JavaScript error: resource:///modules/BrowserGlue.jsm, line 4097: TypeError: invalid assignment to const 'dialogReason'
1643645002201	Marionette	INFO	Listening on port 44769
1643645002282	RemoteAgent	WARN	TLS certificate errors will be ignored for this session
1643645002488	Marionette	INFO	Stopped listening on port 44769
